[0.056s] Invoking command in '/home/oli/workspace/ros2_ws/build/ldlidar_component': CMAKE_PREFIX_PATH=/opt/ros/jazzy/opt/gz_math_vendor:/opt/ros/jazzy/opt/gz_utils_vendor:/opt/ros/jazzy/opt/gz_cmake_vendor:/opt/ros/jazzy:/home/oli/catkin_ws/devel:/home/oli/miniforge3/envs/ros_env CONDA_PROMPT_MODIFIER=(base) DEBUGINFOD_URLS=https://debuginfod.ubuntu.com /home/oli/miniforge3/envs/ros_env/bin/cmake /home/oli/workspace/ros2_ws/src/ldrobot-lidar-ros2/ldlidar_component -DCMAKE_INSTALL_PREFIX=/home/oli/workspace/ros2_ws/install/ldlidar_component
[1.278s] --  * Release Mode
[1.279s] -- * Found ROS2 jazzy
[1.279s] -- Found ament_cmake: 2.5.3 (/opt/ros/jazzy/share/ament_cmake/cmake)
[1.279s] -- Found rclcpp_lifecycle: 28.1.6 (/opt/ros/jazzy/share/rclcpp_lifecycle/cmake)
[1.280s] -- Found rosidl_generator_c: 4.6.5 (/opt/ros/jazzy/share/rosidl_generator_c/cmake)
[1.280s] -- Found rosidl_generator_cpp: 4.6.5 (/opt/ros/jazzy/share/rosidl_generator_cpp/cmake)
[1.280s] -- Using all available rosidl_typesupport_c: rosidl_typesupport_fastrtps_c;rosidl_typesupport_introspection_c
[1.280s] -- Using all available rosidl_typesupport_cpp: rosidl_typesupport_fastrtps_cpp;rosidl_typesupport_introspection_cpp
[1.280s] -- Found rmw_implementation_cmake: 7.3.1 (/opt/ros/jazzy/share/rmw_implementation_cmake/cmake)
[1.280s] -- Found rmw_fastrtps_cpp: 8.4.1 (/opt/ros/jazzy/share/rmw_fastrtps_cpp/cmake)
[1.280s] -- Using RMW implementation 'rmw_fastrtps_cpp' as default
[1.281s] -- Found rclcpp_components: 28.1.6 (/opt/ros/jazzy/share/rclcpp_components/cmake)
[1.281s] -- Found nav2_util: 1.3.4 (/opt/ros/jazzy/share/nav2_util/cmake)
[1.281s] -- Found eigen3_cmake_module: 0.3.0 (/opt/ros/jazzy/share/eigen3_cmake_module/cmake)
[1.281s] -- Ensuring Eigen3 include directory is part of orocos-kdl CMake target
[1.281s] -- Found sensor_msgs: 5.3.5 (/opt/ros/jazzy/share/sensor_msgs/cmake)
[1.281s] -- Found diagnostic_msgs: 5.3.5 (/opt/ros/jazzy/share/diagnostic_msgs/cmake)
[1.281s] -- Found diagnostic_updater: 4.2.1 (/opt/ros/jazzy/share/diagnostic_updater/cmake)
[1.281s] -- Found ament_lint_auto: 0.17.1 (/opt/ros/jazzy/share/ament_lint_auto/cmake)
[1.282s] -- Configuring incomplete, errors occurred!
[1.282s] [33mCMake Warning at CMakeLists.txt:72 (message):
[1.282s]   ROS2 jazzy is not officially supported by this package.  Correct working is
[1.282s]   not guarantee.
[1.282s] 
[1.283s] [0m
[1.283s] Traceback (most recent call last):
[1.283s]   File "/opt/ros/jazzy/share/ament_cmake_core/cmake/core/package_xml_2_cmake.py", line 22, in <module>
[1.283s]     from catkin_pkg.package import parse_package_string
[1.284s] ModuleNotFoundError: No module named 'catkin_pkg'
[1.284s] [31mCMake Error at /opt/ros/jazzy/share/ament_cmake_core/cmake/core/ament_package_xml.cmake:95 (message):
[1.284s]   execute_process(/home/oli/miniforge3/bin/python3
[1.284s]   /opt/ros/jazzy/share/ament_cmake_core/cmake/core/package_xml_2_cmake.py
[1.284s]   /home/oli/workspace/ros2_ws/src/ldrobot-lidar-ros2/ldlidar_component/package.xml
[1.284s]   /home/oli/workspace/ros2_ws/build/ldlidar_component/ament_cmake_core/package.cmake)
[1.284s]   returned error code 1
[1.284s] Call Stack (most recent call first):
[1.284s]   /opt/ros/jazzy/share/ament_cmake_core/cmake/core/ament_package_xml.cmake:49 (_ament_package_xml)
[1.284s]   /opt/ros/jazzy/share/ament_lint_auto/cmake/ament_lint_auto_find_test_dependencies.cmake:31 (ament_package_xml)
[1.284s]   CMakeLists.txt:204 (ament_lint_auto_find_test_dependencies)
[1.285s] 
[1.285s] [0m
[1.594s] Invoked command in '/home/oli/workspace/ros2_ws/build/ldlidar_component' returned '1': CMAKE_PREFIX_PATH=/opt/ros/jazzy/opt/gz_math_vendor:/opt/ros/jazzy/opt/gz_utils_vendor:/opt/ros/jazzy/opt/gz_cmake_vendor:/opt/ros/jazzy:/home/oli/catkin_ws/devel:/home/oli/miniforge3/envs/ros_env CONDA_PROMPT_MODIFIER=(base) DEBUGINFOD_URLS=https://debuginfod.ubuntu.com /home/oli/miniforge3/envs/ros_env/bin/cmake /home/oli/workspace/ros2_ws/src/ldrobot-lidar-ros2/ldlidar_component -DCMAKE_INSTALL_PREFIX=/home/oli/workspace/ros2_ws/install/ldlidar_component
