[1.000s] Invoking command in '/home/oli/workspace/ros2_ws/build/ldlidar_stl_ros2': CMAKE_PREFIX_PATH=/opt/ros/jazzy:${CMAKE_PREFIX_PATH} CONDA_PROMPT_MODIFIER=(base) DEBUGINFOD_URLS=https://debuginfod.ubuntu.com /home/oli/miniforge3/envs/ros_env/bin/cmake /home/oli/workspace/ros2_ws/src/ldlidar_stl_ros2 -DCMAKE_INSTALL_PREFIX=/home/oli/workspace/ros2_ws/install/ldlidar_stl_ros2
[1.379s] -- The C compiler identification is GNU 13.3.0
[1.379s] -- The CXX compiler identification is GNU 13.3.0
[1.380s] -- Detecting C compiler ABI info
[1.468s] -- Detecting C compiler ABI info - done
[1.482s] -- Check for working C compiler: /usr/bin/cc - skipped
[1.483s] -- Detecting C compile features
[1.483s] -- Detecting C compile features - done
[1.487s] -- Detecting CXX compiler ABI info
[1.597s] -- Detecting CXX compiler ABI info - done
[1.612s] -- Check for working CXX compiler: /usr/bin/c++ - skipped
[1.612s] -- Detecting CXX compile features
[1.613s] -- Detecting CXX compile features - done
[1.617s] -- Found ament_cmake: 2.5.3 (/opt/ros/jazzy/share/ament_cmake/cmake)
[2.233s] -- Found Python3: /home/oli/miniforge3/bin/python3 (found version "3.12.7") found components: Interpreter 
[2.459s] -- Found rclcpp: 28.1.6 (/opt/ros/jazzy/share/rclcpp/cmake)
[2.566s] -- Found rosidl_generator_c: 4.6.5 (/opt/ros/jazzy/share/rosidl_generator_c/cmake)
[2.596s] -- Found rosidl_generator_cpp: 4.6.5 (/opt/ros/jazzy/share/rosidl_generator_cpp/cmake)
[2.630s] -- Using all available rosidl_typesupport_c: rosidl_typesupport_fastrtps_c;rosidl_typesupport_introspection_c
[2.669s] -- Using all available rosidl_typesupport_cpp: rosidl_typesupport_fastrtps_cpp;rosidl_typesupport_introspection_cpp
[2.855s] -- Found rmw_implementation_cmake: 7.3.1 (/opt/ros/jazzy/share/rmw_implementation_cmake/cmake)
[2.862s] -- Found rmw_fastrtps_cpp: 8.4.1 (/opt/ros/jazzy/share/rmw_fastrtps_cpp/cmake)
[3.414s] -- Found OpenSSL: /home/oli/miniforge3/envs/ros_env/lib/libcrypto.so (found version "3.1.7")  
[3.493s] -- Found FastRTPS: /opt/ros/jazzy/include (Required is at least version "2.13") 
[3.635s] -- Using RMW implementation 'rmw_fastrtps_cpp' as default
[3.813s] -- Found sensor_msgs: 5.3.5 (/opt/ros/jazzy/share/sensor_msgs/cmake)
[3.956s] -- Found ament_lint_auto: 0.17.1 (/opt/ros/jazzy/share/ament_lint_auto/cmake)
[3.999s] Traceback (most recent call last):
[3.999s]   File "/opt/ros/jazzy/share/ament_cmake_core/cmake/core/package_xml_2_cmake.py", line 22, in <module>
[3.999s]     from catkin_pkg.package import parse_package_string
[3.999s] ModuleNotFoundError: No module named 'catkin_pkg'
[4.005s] [31mCMake Error at /opt/ros/jazzy/share/ament_cmake_core/cmake/core/ament_package_xml.cmake:95 (message):
[4.005s]   execute_process(/home/oli/miniforge3/bin/python3
[4.005s]   /opt/ros/jazzy/share/ament_cmake_core/cmake/core/package_xml_2_cmake.py
[4.005s]   /home/oli/workspace/ros2_ws/src/ldlidar_stl_ros2/package.xml
[4.006s]   /home/oli/workspace/ros2_ws/build/ldlidar_stl_ros2/ament_cmake_core/package.cmake)
[4.006s]   returned error code 1
[4.006s] Call Stack (most recent call first):
[4.006s]   /opt/ros/jazzy/share/ament_cmake_core/cmake/core/ament_package_xml.cmake:49 (_ament_package_xml)
[4.009s]   /opt/ros/jazzy/share/ament_lint_auto/cmake/ament_lint_auto_find_test_dependencies.cmake:31 (ament_package_xml)
[4.010s]   CMakeLists.txt:31 (ament_lint_auto_find_test_dependencies)
[4.010s] 
[4.010s] [0m
[4.010s] -- Configuring incomplete, errors occurred!
[4.030s] Invoked command in '/home/oli/workspace/ros2_ws/build/ldlidar_stl_ros2' returned '1': CMAKE_PREFIX_PATH=/opt/ros/jazzy:${CMAKE_PREFIX_PATH} CONDA_PROMPT_MODIFIER=(base) DEBUGINFOD_URLS=https://debuginfod.ubuntu.com /home/oli/miniforge3/envs/ros_env/bin/cmake /home/oli/workspace/ros2_ws/src/ldlidar_stl_ros2 -DCMAKE_INSTALL_PREFIX=/home/oli/workspace/ros2_ws/install/ldlidar_stl_ros2
