[0.973s] Invoking command in '/home/oli/workspace/ros2_ws/build/ldlidar_stl_ros2': CMAKE_PREFIX_PATH=${CMAKE_PREFIX_PATH}:/opt/ros/jazzy CONDA_PROMPT_MODIFIER=(base) DEBUGINFOD_URLS=https://debuginfod.ubuntu.com /usr/bin/cmake /home/oli/workspace/ros2_ws/src/ldlidar_stl_ros2 -DCMAKE_INSTALL_PREFIX=/home/oli/workspace/ros2_ws/install/ldlidar_stl_ros2
[1.670s] -- The C compiler identification is GNU 13.3.0
[1.670s] -- The CXX compiler identification is GNU 13.3.0
[1.670s] -- Detecting C compiler ABI info
[1.670s] -- Detecting C compiler ABI info - done
[1.671s] -- Check for working C compiler: /usr/bin/cc - skipped
[1.671s] -- Detecting C compile features
[1.671s] -- Detecting C compile features - done
[1.671s] -- Detecting CXX compiler ABI info
[1.671s] -- Detecting CXX compiler ABI info - done
[1.671s] -- Check for working CXX compiler: /usr/bin/c++ - skipped
[1.672s] -- Detecting CXX compile features
[1.672s] -- Detecting CXX compile features - done
[1.672s] -- Found ament_cmake: 2.5.3 (/opt/ros/jazzy/share/ament_cmake/cmake)
[1.672s] -- Found rclcpp: 28.1.6 (/opt/ros/jazzy/share/rclcpp/cmake)
[1.672s] -- Found rosidl_generator_c: 4.6.5 (/opt/ros/jazzy/share/rosidl_generator_c/cmake)
[1.672s] -- Found rosidl_generator_cpp: 4.6.5 (/opt/ros/jazzy/share/rosidl_generator_cpp/cmake)
[1.673s] -- Using all available rosidl_typesupport_c: rosidl_typesupport_fastrtps_c;rosidl_typesupport_introspection_c
[1.703s] -- Using all available rosidl_typesupport_cpp: rosidl_typesupport_fastrtps_cpp;rosidl_typesupport_introspection_cpp
[1.861s] -- Found rmw_implementation_cmake: 7.3.1 (/opt/ros/jazzy/share/rmw_implementation_cmake/cmake)
[1.863s] -- Found rmw_fastrtps_cpp: 8.4.1 (/opt/ros/jazzy/share/rmw_fastrtps_cpp/cmake)
[2.097s] -- Using RMW implementation 'rmw_fastrtps_cpp' as default
[2.252s] -- Found sensor_msgs: 5.3.5 (/opt/ros/jazzy/share/sensor_msgs/cmake)
[2.395s] -- Found ament_lint_auto: 0.17.1 (/opt/ros/jazzy/share/ament_lint_auto/cmake)
[2.440s] Traceback (most recent call last):
[2.441s]   File "/opt/ros/jazzy/share/ament_cmake_core/cmake/core/package_xml_2_cmake.py", line 22, in <module>
[2.441s]     from catkin_pkg.package import parse_package_string
[2.441s] ModuleNotFoundError: No module named 'catkin_pkg'
[2.445s] [31mCMake Error at /opt/ros/jazzy/share/ament_cmake_core/cmake/core/ament_package_xml.cmake:95 (message):
[2.445s]   execute_process(/home/oli/miniforge3/bin/python3
[2.445s]   /opt/ros/jazzy/share/ament_cmake_core/cmake/core/package_xml_2_cmake.py
[2.445s]   /home/oli/workspace/ros2_ws/src/ldlidar_stl_ros2/package.xml
[2.446s]   /home/oli/workspace/ros2_ws/build/ldlidar_stl_ros2/ament_cmake_core/package.cmake)
[2.446s]   returned error code 1
[2.446s] Call Stack (most recent call first):
[2.446s]   /opt/ros/jazzy/share/ament_cmake_core/cmake/core/ament_package_xml.cmake:49 (_ament_package_xml)
[2.446s]   /opt/ros/jazzy/share/ament_lint_auto/cmake/ament_lint_auto_find_test_dependencies.cmake:31 (ament_package_xml)
[2.446s]   CMakeLists.txt:31 (ament_lint_auto_find_test_dependencies)
[2.446s] 
[2.447s] [0m
[2.447s] -- Configuring incomplete, errors occurred!
