[0.056s] Invoking command in '/home/oli/workspace/ros2_ws/build/ldlidar_component': CMAKE_PREFIX_PATH=${CMAKE_PREFIX_PATH}:/opt/ros/jazzy CONDA_PROMPT_MODIFIER=(base) DEBUGINFOD_URLS=https://debuginfod.ubuntu.com /usr/bin/cmake /home/oli/workspace/ros2_ws/src/ldrobot-lidar-ros2/ldlidar_component -DCMAKE_INSTALL_PREFIX=/home/oli/workspace/ros2_ws/install/ldlidar_component
[1.686s] -- The C compiler identification is GNU 13.3.0
[1.686s] -- The CXX compiler identification is GNU 13.3.0
[1.687s] -- Detecting C compiler ABI info
[1.687s] -- Detecting C compiler ABI info - done
[1.687s] -- Check for working C compiler: /usr/bin/cc - skipped
[1.688s] -- Detecting C compile features
[1.688s] -- Detecting C compile features - done
[1.688s] -- Detecting CXX compiler ABI info
[1.689s] -- Detecting CXX compiler ABI info - done
[1.689s] -- Check for working CXX compiler: /usr/bin/c++ - skipped
[1.689s] -- Detecting CXX compile features
[1.690s] -- Detecting CXX compile features - done
[1.691s] --  * Release Mode
[1.691s] -- * Found ROS2 jazzy
[1.692s] -- Found ament_cmake: 2.5.3 (/opt/ros/jazzy/share/ament_cmake/cmake)
[1.692s] -- Found rclcpp_lifecycle: 28.1.6 (/opt/ros/jazzy/share/rclcpp_lifecycle/cmake)
[1.692s] -- Found rosidl_generator_c: 4.6.5 (/opt/ros/jazzy/share/rosidl_generator_c/cmake)
[1.693s] -- Found rosidl_generator_cpp: 4.6.5 (/opt/ros/jazzy/share/rosidl_generator_cpp/cmake)
[1.693s] -- Using all available rosidl_typesupport_c: rosidl_typesupport_fastrtps_c;rosidl_typesupport_introspection_c
[1.693s] -- Using all available rosidl_typesupport_cpp: rosidl_typesupport_fastrtps_cpp;rosidl_typesupport_introspection_cpp
[1.693s] -- Found rmw_implementation_cmake: 7.3.1 (/opt/ros/jazzy/share/rmw_implementation_cmake/cmake)
[1.694s] -- Found rmw_fastrtps_cpp: 8.4.1 (/opt/ros/jazzy/share/rmw_fastrtps_cpp/cmake)
[1.695s] -- Using RMW implementation 'rmw_fastrtps_cpp' as default
[1.695s] -- Found rclcpp_components: 28.1.6 (/opt/ros/jazzy/share/rclcpp_components/cmake)
[1.695s] -- Found nav2_util: 1.3.4 (/opt/ros/jazzy/share/nav2_util/cmake)
[1.696s] -- Found eigen3_cmake_module: 0.3.0 (/opt/ros/jazzy/share/eigen3_cmake_module/cmake)
[1.696s] -- Ensuring Eigen3 include directory is part of orocos-kdl CMake target
[1.696s] [33mCMake Warning at CMakeLists.txt:72 (message):
[1.696s]   ROS2 jazzy is not officially supported by this package.  Correct working is
[1.697s]   not guarantee.
[1.697s] 
[1.697s] [0m
[1.709s] -- Found sensor_msgs: 5.3.5 (/opt/ros/jazzy/share/sensor_msgs/cmake)
[1.770s] -- Found diagnostic_msgs: 5.3.5 (/opt/ros/jazzy/share/diagnostic_msgs/cmake)
[1.816s] -- Found diagnostic_updater: 4.2.1 (/opt/ros/jazzy/share/diagnostic_updater/cmake)
[1.845s] -- Found ament_lint_auto: 0.17.1 (/opt/ros/jazzy/share/ament_lint_auto/cmake)
[1.892s] Traceback (most recent call last):
[1.892s]   File "/opt/ros/jazzy/share/ament_cmake_core/cmake/core/package_xml_2_cmake.py", line 22, in <module>
[1.892s]     from catkin_pkg.package import parse_package_string
[1.892s] ModuleNotFoundError: No module named 'catkin_pkg'
[1.897s] [31mCMake Error at /opt/ros/jazzy/share/ament_cmake_core/cmake/core/ament_package_xml.cmake:95 (message):
[1.898s]   execute_process(/home/oli/miniforge3/bin/python3
[1.898s]   /opt/ros/jazzy/share/ament_cmake_core/cmake/core/package_xml_2_cmake.py
[1.898s]   /home/oli/workspace/ros2_ws/src/ldrobot-lidar-ros2/ldlidar_component/package.xml
[1.899s]   /home/oli/workspace/ros2_ws/build/ldlidar_component/ament_cmake_core/package.cmake)
[1.899s]   returned error code 1
[1.899s] Call Stack (most recent call first):
[1.900s]   /opt/ros/jazzy/share/ament_cmake_core/cmake/core/ament_package_xml.cmake:49 (_ament_package_xml)
[1.901s]   /opt/ros/jazzy/share/ament_lint_auto/cmake/ament_lint_auto_find_test_dependencies.cmake:31 (ament_package_xml)
[1.901s]   CMakeLists.txt:204 (ament_lint_auto_find_test_dependencies)
[1.901s] 
[1.902s] [0m
[1.902s] -- Configuring incomplete, errors occurred!
[1.937s] Invoked command in '/home/oli/workspace/ros2_ws/build/ldlidar_component' returned '1': CMAKE_PREFIX_PATH=${CMAKE_PREFIX_PATH}:/opt/ros/jazzy CONDA_PROMPT_MODIFIER=(base) DEBUGINFOD_URLS=https://debuginfod.ubuntu.com /usr/bin/cmake /home/oli/workspace/ros2_ws/src/ldrobot-lidar-ros2/ldlidar_component -DCMAKE_INSTALL_PREFIX=/home/oli/workspace/ros2_ws/install/ldlidar_component
