[0.957s] Invoking command in '/home/oli/workspace/ros2_ws/build/ldlidar_stl_ros2': CMAKE_PREFIX_PATH=/opt/ros/jazzy:${CMAKE_PREFIX_PATH} CONDA_PROMPT_MODIFIER=(base) DEBUGINFOD_URLS=https://debuginfod.ubuntu.com /home/oli/miniforge3/envs/ros_env/bin/cmake /home/oli/workspace/ros2_ws/src/ldlidar_stl_ros2 -DCMAKE_INSTALL_PREFIX=/home/oli/workspace/ros2_ws/install/ldlidar_stl_ros2
[1.638s] -- Found ament_cmake: 2.5.3 (/opt/ros/jazzy/share/ament_cmake/cmake)
[1.638s] -- Found rclcpp: 28.1.6 (/opt/ros/jazzy/share/rclcpp/cmake)
[1.638s] -- Found rosidl_generator_c: 4.6.5 (/opt/ros/jazzy/share/rosidl_generator_c/cmake)
[1.639s] -- Found rosidl_generator_cpp: 4.6.5 (/opt/ros/jazzy/share/rosidl_generator_cpp/cmake)
[1.639s] -- Using all available rosidl_typesupport_c: rosidl_typesupport_fastrtps_c;rosidl_typesupport_introspection_c
[1.639s] -- Using all available rosidl_typesupport_cpp: rosidl_typesupport_fastrtps_cpp;rosidl_typesupport_introspection_cpp
[1.639s] -- Found rmw_implementation_cmake: 7.3.1 (/opt/ros/jazzy/share/rmw_implementation_cmake/cmake)
[1.639s] -- Found rmw_fastrtps_cpp: 8.4.1 (/opt/ros/jazzy/share/rmw_fastrtps_cpp/cmake)
[1.640s] -- Using RMW implementation 'rmw_fastrtps_cpp' as default
[1.640s] -- Found sensor_msgs: 5.3.5 (/opt/ros/jazzy/share/sensor_msgs/cmake)
[1.640s] -- Found ament_lint_auto: 0.17.1 (/opt/ros/jazzy/share/ament_lint_auto/cmake)
[1.641s] Traceback (most recent call last):
[1.641s]   File "/opt/ros/jazzy/share/ament_cmake_core/cmake/core/package_xml_2_cmake.py", line 22, in <module>
[1.641s]     from catkin_pkg.package import parse_package_string
[1.642s] ModuleNotFoundError: No module named 'catkin_pkg'
[1.644s] [31mCMake Error at /opt/ros/jazzy/share/ament_cmake_core/cmake/core/ament_package_xml.cmake:95 (message):
[1.644s]   execute_process(/home/oli/miniforge3/bin/python3
[1.644s]   /opt/ros/jazzy/share/ament_cmake_core/cmake/core/package_xml_2_cmake.py
[1.645s]   /home/oli/workspace/ros2_ws/src/ldlidar_stl_ros2/package.xml
[1.645s]   /home/oli/workspace/ros2_ws/build/ldlidar_stl_ros2/ament_cmake_core/package.cmake)
[1.645s]   returned error code 1
[1.645s] Call Stack (most recent call first):
[1.646s]   /opt/ros/jazzy/share/ament_cmake_core/cmake/core/ament_package_xml.cmake:49 (_ament_package_xml)
[1.646s]   /opt/ros/jazzy/share/ament_lint_auto/cmake/ament_lint_auto_find_test_dependencies.cmake:31 (ament_package_xml)
[1.646s]   CMakeLists.txt:31 (ament_lint_auto_find_test_dependencies)
[1.646s] 
[1.646s] [0m
[1.647s] -- Configuring incomplete, errors occurred!
[1.662s] Invoked command in '/home/oli/workspace/ros2_ws/build/ldlidar_stl_ros2' returned '1': CMAKE_PREFIX_PATH=/opt/ros/jazzy:${CMAKE_PREFIX_PATH} CONDA_PROMPT_MODIFIER=(base) DEBUGINFOD_URLS=https://debuginfod.ubuntu.com /home/oli/miniforge3/envs/ros_env/bin/cmake /home/oli/workspace/ros2_ws/src/ldlidar_stl_ros2 -DCMAKE_INSTALL_PREFIX=/home/oli/workspace/ros2_ws/install/ldlidar_stl_ros2
